<?xml version="1.0" encoding="UTF-8"?>
<!-- Generated by org.testng.reporters.JUnitXMLReporter -->
<testsuite ignored="0" hostname="DESKTOP-SS5TGEM" failures="0" tests="4" name="PageObjectInstagram" time="64.927" errors="0" timestamp="2023-03-07T18:07:49 IST">
  <testcase classname="com.bridgelabz.test.InstagramTest" name="redirectOnSignup" time="5.766"/>
  <testcase classname="com.bridgelabz.test.InstagramTest" name="insertTheDataIntoTheRegistrationField" time="4.614"/>
  <testcase classname="com.bridgelabz.test.InstagramTest" name="loginToInsta" time="8.015"/>
  <testcase classname="com.bridgelabz.test.InstagramTest" name="loginToInsta" time="5.804"/>
</testsuite> <!-- PageObjectInstagram -->
