<?xml version="1.0" encoding="UTF-8"?>
<testng-results ignored="0" total="4" passed="4" failed="0" skipped="0">
  <reporter-output>
    <line>
      <![CDATA[====Browser Session Ends====]]>
    </line>
    <line>
      <![CDATA[====Browser Session Ends====]]>
    </line>
    <line>
      <![CDATA[====Browser Session Ends====]]>
    </line>
    <line>
      <![CDATA[====Browser Session Ends====]]>
    </line>
  </reporter-output>
  <suite started-at="2023-03-07T18:06:44 IST" name="Default Suite" finished-at="2023-03-07T18:07:49 IST" duration-ms="64927">
    <groups>
    </groups>
    <test started-at="2023-03-07T18:06:44 IST" name="PageObjectInstagram" finished-at="2023-03-07T18:07:49 IST" duration-ms="64927">
      <class name="com.bridgelabz.test.InstagramTest">
        <test-method is-config="true" signature="initialization()[pri:0, instance:com.bridgelabz.test.InstagramTest@16aa8654]" started-at="2023-03-07T18:06:44 IST" name="initialization" finished-at="2023-03-07T18:06:54 IST" duration-ms="9506" status="PASS">
          <reporter-output>
          </reporter-output>
        </test-method> <!-- initialization -->
        <test-method signature="redirectOnSignup()[pri:0, instance:com.bridgelabz.test.InstagramTest@16aa8654]" started-at="2023-03-07T18:06:54 IST" name="redirectOnSignup" finished-at="2023-03-07T18:07:00 IST" duration-ms="5766" status="PASS">
          <reporter-output>
          </reporter-output>
        </test-method> <!-- redirectOnSignup -->
        <test-method is-config="true" signature="tearDown()[pri:0, instance:com.bridgelabz.test.InstagramTest@16aa8654]" started-at="2023-03-07T18:07:00 IST" name="tearDown" finished-at="2023-03-07T18:07:01 IST" duration-ms="1047" status="PASS">
          <reporter-output>
            <line>
              <![CDATA[====Browser Session Ends====]]>
            </line>
          </reporter-output>
        </test-method> <!-- tearDown -->
        <test-method is-config="true" signature="initialization()[pri:0, instance:com.bridgelabz.test.InstagramTest@16aa8654]" started-at="2023-03-07T18:07:01 IST" name="initialization" finished-at="2023-03-07T18:07:08 IST" duration-ms="7156" status="PASS">
          <reporter-output>
          </reporter-output>
        </test-method> <!-- initialization -->
        <test-method signature="insertTheDataIntoTheRegistrationField()[pri:1, instance:com.bridgelabz.test.InstagramTest@16aa8654]" started-at="2023-03-07T18:07:08 IST" name="insertTheDataIntoTheRegistrationField" finished-at="2023-03-07T18:07:13 IST" duration-ms="4614" status="PASS">
          <reporter-output>
          </reporter-output>
        </test-method> <!-- insertTheDataIntoTheRegistrationField -->
        <test-method is-config="true" signature="tearDown()[pri:0, instance:com.bridgelabz.test.InstagramTest@16aa8654]" started-at="2023-03-07T18:07:13 IST" name="tearDown" finished-at="2023-03-07T18:07:14 IST" duration-ms="1047" status="PASS">
          <reporter-output>
            <line>
              <![CDATA[====Browser Session Ends====]]>
            </line>
          </reporter-output>
        </test-method> <!-- tearDown -->
        <test-method is-config="true" signature="initialization()[pri:0, instance:com.bridgelabz.test.InstagramTest@16aa8654]" started-at="2023-03-07T18:07:15 IST" name="initialization" finished-at="2023-03-07T18:07:23 IST" duration-ms="8386" status="PASS">
          <reporter-output>
          </reporter-output>
        </test-method> <!-- initialization -->
        <test-method signature="loginToInsta(java.lang.String,java.lang.String)[pri:2, instance:com.bridgelabz.test.InstagramTest@16aa8654]" started-at="2023-03-07T18:07:23 IST" name="loginToInsta" data-provider="testData" finished-at="2023-03-07T18:07:31 IST" duration-ms="8015" status="PASS">
          <params>
            <param index="0">
              <value>
                <![CDATA[testingtestdata]]>
              </value>
            </param>
            <param index="1">
              <value>
                <![CDATA[testingtestdatablz]]>
              </value>
            </param>
          </params>
          <reporter-output>
          </reporter-output>
        </test-method> <!-- loginToInsta -->
        <test-method is-config="true" signature="tearDown()[pri:0, instance:com.bridgelabz.test.InstagramTest@16aa8654]" started-at="2023-03-07T18:07:31 IST" name="tearDown" finished-at="2023-03-07T18:07:33 IST" duration-ms="1606" status="PASS">
          <reporter-output>
            <line>
              <![CDATA[====Browser Session Ends====]]>
            </line>
          </reporter-output>
        </test-method> <!-- tearDown -->
        <test-method is-config="true" signature="initialization()[pri:0, instance:com.bridgelabz.test.InstagramTest@16aa8654]" started-at="2023-03-07T18:07:33 IST" name="initialization" finished-at="2023-03-07T18:07:42 IST" duration-ms="9276" status="PASS">
          <reporter-output>
          </reporter-output>
        </test-method> <!-- initialization -->
        <test-method signature="loginToInsta(java.lang.String,java.lang.String)[pri:2, instance:com.bridgelabz.test.InstagramTest@16aa8654]" started-at="2023-03-07T18:07:42 IST" name="loginToInsta" data-provider="testData" finished-at="2023-03-07T18:07:48 IST" duration-ms="5804" status="PASS">
          <params>
            <param index="0">
              <value>
                <![CDATA[sheetal]]>
              </value>
            </param>
            <param index="1">
              <value>
                <![CDATA[sheetal]]>
              </value>
            </param>
          </params>
          <reporter-output>
          </reporter-output>
        </test-method> <!-- loginToInsta -->
        <test-method is-config="true" signature="tearDown()[pri:0, instance:com.bridgelabz.test.InstagramTest@16aa8654]" started-at="2023-03-07T18:07:48 IST" name="tearDown" finished-at="2023-03-07T18:07:49 IST" duration-ms="1257" status="PASS">
          <reporter-output>
            <line>
              <![CDATA[====Browser Session Ends====]]>
            </line>
          </reporter-output>
        </test-method> <!-- tearDown -->
      </class> <!-- com.bridgelabz.test.InstagramTest -->
    </test> <!-- PageObjectInstagram -->
  </suite> <!-- Default Suite -->
</testng-results>
